# JRE version: 7.0_21-b11
# Java VM: Java HotSpot(TM) 64-Bit Server VM (23.21-b01 mixed mode windows-amd64 compressed oops)
Heap
 PSYoungGen      total 52096K, used 36052K [0x00000007aad60000, 0x00000007af440000, 0x0000000800000000)
  eden space 50688K, 68% used [0x00000007aad60000,0x00000007acf35360,0x00000007adee0000)
  from space 1408K, 100% used [0x00000007adff0000,0x00000007ae150000,0x00000007ae150000)
  to   space 10944K, 0% used [0x00000007ae990000,0x00000007ae990000,0x00000007af440000)
 ParOldGen       total 174400K, used 34135K [0x0000000700800000, 0x000000070b250000, 0x00000007aad60000)
  object space 174400K, 19% used [0x0000000700800000,0x0000000702955dd8,0x000000070b250000)
 PSPermGen       total 21248K, used 9401K [0x00000006fb600000, 0x00000006fcac0000, 0x0000000700800000)
  object space 21248K, 44% used [0x00000006fb600000,0x00000006fbf2e660,0x00000006fcac0000)
GC Heap History (10 events):
Event: 4.298 GC heap before
{Heap before GC invocations=11 (full 0):
 PSYoungGen      total 67392K, used 57888K [0x00000007aad60000, 0x00000007afc10000, 0x0000000800000000)
  eden space 56640K, 100% used [0x00000007aad60000,0x00000007ae4b0000,0x00000007ae4b0000)
  from space 10752K, 11% used [0x00000007af190000,0x00000007af2c8000,0x00000007afc10000)
  to   space 11968K, 0% used [0x00000007ae4b0000,0x00000007ae4b0000,0x00000007af060000)
 ParOldGen       total 174400K, used 33801K [0x0000000700800000, 0x000000070b250000, 0x00000007aad60000)
  object space 174400K, 19% used [0x0000000700800000,0x0000000702902638,0x000000070b250000)
 PSPermGen       total 21248K, used 9370K [0x00000006fb600000, 0x00000006fcac0000, 0x0000000700800000)
  object space 21248K, 44% used [0x00000006fb600000,0x00000006fbf26b00,0x00000006fcac0000)
Event: 4.299 GC heap after
Heap after GC invocations=11 (full 0):
 PSYoungGen      total 57024K, used 1664K [0x00000007aad60000, 0x00000007afa90000, 0x0000000800000000)
  eden space 55360K, 0% used [0x00000007aad60000,0x00000007aad60000,0x00000007ae370000)
  from space 1664K, 100% used [0x00000007ae4b0000,0x00000007ae650000,0x00000007ae650000)
  to   space 11840K, 0% used [0x00000007aef00000,0x00000007aef00000,0x00000007afa90000)
 ParOldGen       total 174400K, used 33959K [0x0000000700800000, 0x000000070b250000, 0x00000007aad60000)
  object space 174400K, 19% used [0x0000000700800000,0x0000000702929dd8,0x000000070b250000)
 PSPermGen       total 21248K, used 9370K [0x00000006fb600000, 0x00000006fcac0000, 0x0000000700800000)
  object space 21248K, 44% used [0x00000006fb600000,0x00000006fbf26b00,0x00000006fcac0000)
}
Event: 4.602 GC heap before
{Heap before GC invocations=12 (full 0):
 PSYoungGen      total 57024K, used 57024K [0x00000007aad60000, 0x00000007afa90000, 0x0000000800000000)
  eden space 55360K, 100% used [0x00000007aad60000,0x00000007ae370000,0x00000007ae370000)
  from space 1664K, 100% used [0x00000007ae4b0000,0x00000007ae650000,0x00000007ae650000)
  to   space 11840K, 0% used [0x00000007aef00000,0x00000007aef00000,0x00000007afa90000)
 ParOldGen       total 174400K, used 33959K [0x0000000700800000, 0x000000070b250000, 0x00000007aad60000)
  object space 174400K, 19% used [0x0000000700800000,0x0000000702929dd8,0x000000070b250000)
 PSPermGen       total 21248K, used 9376K [0x00000006fb600000, 0x00000006fcac0000, 0x0000000700800000)
  object space 21248K, 44% used [0x00000006fb600000,0x00000006fbf280b8,0x00000006fcac0000)
Event: 4.603 GC heap after
Heap after GC invocations=12 (full 0):
 PSYoungGen      total 64640K, used 1280K [0x00000007aad60000, 0x00000007af940000, 0x0000000800000000)
  eden space 54144K, 0% used [0x00000007aad60000,0x00000007aad60000,0x00000007ae240000)
  from space 10496K, 12% used [0x00000007aef00000,0x00000007af040000,0x00000007af940000)
  to   space 11776K, 0% used [0x00000007ae240000,0x00000007ae240000,0x00000007aedc0000)
 ParOldGen       total 174400K, used 34015K [0x0000000700800000, 0x000000070b250000, 0x00000007aad60000)
  object space 174400K, 19% used [0x0000000700800000,0x0000000702937dd8,0x000000070b250000)
 PSPermGen       total 21248K, used 9376K [0x00000006fb600000, 0x00000006fcac0000, 0x0000000700800000)
  object space 21248K, 44% used [0x00000006fb600000,0x00000006fbf280b8,0x00000006fcac0000)
}
Event: 4.889 GC heap before
{Heap before GC invocations=13 (full 0):
 PSYoungGen      total 64640K, used 55424K [0x00000007aad60000, 0x00000007af940000, 0x0000000800000000)
  eden space 54144K, 100% used [0x00000007aad60000,0x00000007ae240000,0x00000007ae240000)
  from space 10496K, 12% used [0x00000007aef00000,0x00000007af040000,0x00000007af940000)
  to   space 11776K, 0% used [0x00000007ae240000,0x00000007ae240000,0x00000007aedc0000)
 ParOldGen       total 174400K, used 34015K [0x0000000700800000, 0x000000070b250000, 0x00000007aad60000)
  object space 174400K, 19% used [0x0000000700800000,0x0000000702937dd8,0x000000070b250000)
 PSPermGen       total 21248K, used 9382K [0x00000006fb600000, 0x00000006fcac0000, 0x0000000700800000)
  object space 21248K, 44% used [0x00000006fb600000,0x00000006fbf29a68,0x00000006fcac0000)
Event: 4.890 GC heap after
Heap after GC invocations=13 (full 0):
 PSYoungGen      total 54528K, used 1600K [0x00000007aad60000, 0x00000007af790000, 0x0000000800000000)
  eden space 52928K, 0% used [0x00000007aad60000,0x00000007aad60000,0x00000007ae110000)
  from space 1600K, 100% used [0x00000007ae240000,0x00000007ae3d0000,0x00000007ae3d0000)
  to   space 11520K, 0% used [0x00000007aec50000,0x00000007aec50000,0x00000007af790000)
 ParOldGen       total 174400K, used 34063K [0x0000000700800000, 0x000000070b250000, 0x00000007aad60000)
  object space 174400K, 19% used [0x0000000700800000,0x0000000702943dd8,0x000000070b250000)
 PSPermGen       total 21248K, used 9382K [0x00000006fb600000, 0x00000006fcac0000, 0x0000000700800000)
  object space 21248K, 44% used [0x00000006fb600000,0x00000006fbf29a68,0x00000006fcac0000)
}
Event: 5.161 GC heap before
{Heap before GC invocations=14 (full 0):
 PSYoungGen      total 54528K, used 54528K [0x00000007aad60000, 0x00000007af790000, 0x0000000800000000)
  eden space 52928K, 100% used [0x00000007aad60000,0x00000007ae110000,0x00000007ae110000)
  from space 1600K, 100% used [0x00000007ae240000,0x00000007ae3d0000,0x00000007ae3d0000)
  to   space 11520K, 0% used [0x00000007aec50000,0x00000007aec50000,0x00000007af790000)
 ParOldGen       total 174400K, used 34063K [0x0000000700800000, 0x000000070b250000, 0x00000007aad60000)
  object space 174400K, 19% used [0x0000000700800000,0x0000000702943dd8,0x000000070b250000)
 PSPermGen       total 21248K, used 9390K [0x00000006fb600000, 0x00000006fcac0000, 0x0000000700800000)
  object space 21248K, 44% used [0x00000006fb600000,0x00000006fbf2b908,0x00000006fcac0000)
Event: 5.162 GC heap after
Heap after GC invocations=14 (full 0):
 PSYoungGen      total 61632K, used 1248K [0x00000007aad60000, 0x00000007af5f0000, 0x0000000800000000)
  eden space 51776K, 0% used [0x00000007aad60000,0x00000007aad60000,0x00000007adff0000)
  from space 9856K, 12% used [0x00000007aec50000,0x00000007aed88000,0x00000007af5f0000)
  to   space 11264K, 0% used [0x00000007adff0000,0x00000007adff0000,0x00000007aeaf0000)
 ParOldGen       total 174400K, used 34103K [0x0000000700800000, 0x000000070b250000, 0x00000007aad60000)
  object space 174400K, 19% used [0x0000000700800000,0x000000070294ddd8,0x000000070b250000)
 PSPermGen       total 21248K, used 9390K [0x00000006fb600000, 0x00000006fcac0000, 0x0000000700800000)
  object space 21248K, 44% used [0x00000006fb600000,0x00000006fbf2b908,0x00000006fcac0000)
}
Event: 5.433 GC heap before
{Heap before GC invocations=15 (full 0):
 PSYoungGen      total 61632K, used 53024K [0x00000007aad60000, 0x00000007af5f0000, 0x0000000800000000)
  eden space 51776K, 100% used [0x00000007aad60000,0x00000007adff0000,0x00000007adff0000)
  from space 9856K, 12% used [0x00000007aec50000,0x00000007aed88000,0x00000007af5f0000)
  to   space 11264K, 0% used [0x00000007adff0000,0x00000007adff0000,0x00000007aeaf0000)
 ParOldGen       total 174400K, used 34103K [0x0000000700800000, 0x000000070b250000, 0x00000007aad60000)
  object space 174400K, 19% used [0x0000000700800000,0x000000070294ddd8,0x000000070b250000)
 PSPermGen       total 21248K, used 9390K [0x00000006fb600000, 0x00000006fcac0000, 0x0000000700800000)
  object space 21248K, 44% used [0x00000006fb600000,0x00000006fbf2ba58,0x00000006fcac0000)
Event: 5.434 GC heap after
Heap after GC invocations=15 (full 0):
 PSYoungGen      total 52096K, used 1408K [0x00000007aad60000, 0x00000007af440000, 0x0000000800000000)
  eden space 50688K, 0% used [0x00000007aad60000,0x00000007aad60000,0x00000007adee0000)
  from space 1408K, 100% used [0x00000007adff0000,0x00000007ae150000,0x00000007ae150000)
  to   space 10944K, 0% used [0x00000007ae990000,0x00000007ae990000,0x00000007af440000)
 ParOldGen       total 174400K, used 34135K [0x0000000700800000, 0x000000070b250000, 0x00000007aad60000)
  object space 174400K, 19% used [0x0000000700800000,0x0000000702955dd8,0x000000070b250000)
 PSPermGen       total 21248K, used 9390K [0x00000006fb600000, 0x00000006fcac0000, 0x0000000700800000)
  object space 21248K, 44% used [0x00000006fb600000,0x00000006fbf2ba58,0x00000006fcac0000)
}

